-1.554973 53.804638 
-1.555337 53.804634 
-1.555335 53.804747 
-1.555344 53.804849 
-1.555309 53.805096 
-1.554585 53.805090 
-1.553928 53.805085 
-1.553555 53.805083 
-1.553014 53.805079 
-1.552947 53.805079 
-1.552605 53.805075 
-1.552446 53.805007 
-1.552410 53.805150 
-1.550805 53.805155 
-1.549522 53.805146 
-1.549448 53.805218 
-1.549420 53.805234 
-1.549393 53.805239 
-1.549368 53.805253 
-1.548771 53.805128 
-1.548648 53.804928 
-1.548607 53.804854 
-1.548260 53.804452 
-1.548173 53.804379 
-1.548161 53.804374 
-1.547985 53.804223 
-1.547521 53.803917 
-1.547233 53.803758 
-1.546796 53.803503 
-1.546742 53.803464 
-1.546518 53.803257 
-1.546452 53.803199 
-1.546360 53.803130 
-1.546274 53.803040 
-1.546101 53.802854 
-1.546049 53.802788 
